#
# A fatal error has been detected by the Java Runtime Environment:
#
#  SIGBUS (0x7) at pc=0x00007fe66caefc36, pid=5960, tid=0x00007fe66d5a7700
#
# JRE version: Java(TM) SE Runtime Environment (8.0_121-b13) (build 1.8.0_121-b13)
# Java VM: Java HotSpot(TM) 64-Bit Server VM (25.121-b13 mixed mode linux-amd64 compressed oops)
# Problematic frame:
# C  [libc.so.6+0x14dc36]
#
# Failed to write core dump. Core dumps have been disabled. To enable core dumping, try "ulimit -c unlimited" before starting Java again
#
# If you would like to submit a bug report, please visit:
#   http://bugreport.java.com/bugreport/crash.jsp
#

---------------  T H R E A D  ---------------

Current thread (0x00007fe66400a000):  JavaThread "main" [_thread_in_vm, id=5961, stack(0x00007fe66d4a7000,0x00007fe66d5a8000)]

siginfo: si_signo: 7 (SIGBUS), si_code: 2 (BUS_ADRERR), si_addr: 0x00007fe64c15b09b

Registers:
RAX=0x00000000ec80b370, RBX=0x00007fe66400a000, RCX=0x000000000000353b, RDX=0x000000000000353b
RSP=0x00007fe66d5a5cc8, RBP=0x00007fe66d5a5d20, RSI=0x00007fe64c15b09b, RDI=0x00000000ec80b370
R8 =0x00007fe66d5a5e00, R9 =0x0000000000000010, R10=0x00007fe655017a08, R11=0x00007fe66c373ea0
R12=0x0000000000000000, R13=0x00007fe66d5a5e00, R14=0x00007fe66c970c60, R15=0x00007fe66c9759e0
RIP=0x00007fe66caefc36, EFLAGS=0x0000000000010283, CSGSFS=0x002b000000000033, ERR=0x0000000000000004
  TRAPNO=0x000000000000000e

Top of Stack: (sp=0x00007fe66d5a5cc8)
0x00007fe66d5a5cc8:   00007fe66c449fbf 0000000000000010
0x00007fe66d5a5cd8:   00007fe64c15b09b 00007fe66400a000
0x00007fe66d5a5ce8:   00007fe66c03b4c5 00007fe669919410
0x00007fe66d5a5cf8:   00007fe6691c0ea0 0000000000000000
0x00007fe66d5a5d08:   00007fe6691c0ea0 00007fe66d5a5e20
0x00007fe66d5a5d18:   00007fe66400a000 00007fe66d5a5dc0
0x00007fe66d5a5d28:   00007fe655017a34 000000000000353b
0x00007fe66d5a5d38:   00007fe66d5a6140 00007fe66d5a5d60
0x00007fe66d5a5d48:   00007fe66c296d39 00007fe66d5a5d70
0x00007fe66d5a5d58:   00007fe66c391a99 00007fe66d5a5d80
0x00007fe66d5a5d68:   00007fe6640c1bb0 00007fe66d5a5da0
0x00007fe66d5a5d78:   00007fe66c3922d7 00007fe66d5a5d80
0x00007fe66d5a5d88:   0000000000000000 00007fe66d5a5e20
0x00007fe66d5a5d98:   00007fe6691ee200 0000000000000000
0x00007fe66d5a5da8:   00007fe6691c0ea0 0000000000000000
0x00007fe66d5a5db8:   00007fe66d5a5de0 00007fe66d5a5e68
0x00007fe66d5a5dc8:   00007fe6550082bd 0000000000000000
0x00007fe66d5a5dd8:   00007fe655011538 000000000000353b
0x00007fe66d5a5de8:   00007fe669919a30 0000000000000010
0x00007fe66d5a5df8:   00007fe66beaa599 00000000ec80b360
0x00007fe66d5a5e08:   00007fe64c15b09b 00007fe66d5a6120
0x00007fe66d5a5e18:   0000000000000000 00000000c42fded0
0x00007fe66d5a5e28:   00007fe66d5a5e28 00007fe6692a0e82
0x00007fe66d5a5e38:   00007fe66d5a5ed8 00007fe6692a1710
0x00007fe66d5a5e48:   0000000000000000 00007fe6692a0eb0
0x00007fe66d5a5e58:   00007fe66d5a5de0 00007fe66d5a5e98
0x00007fe66d5a5e68:   00007fe66d5a5f20 00007fe6550082bd
0x00007fe66d5a5e78:   000000000000353b 0000000000000000
0x00007fe66d5a5e88:   0000000000000010 0000000000000000
0x00007fe66d5a5e98:   000000000000353b 0000000000000000
0x00007fe66d5a5ea8:   0000000000000000 0000000000000000
0x00007fe66d5a5eb8:   0000000000000010 00007fe66d5a5f20 

Instructions: (pc=0x00007fe66caefc36)
0x00007fe66caefc16:   c0 c3 0f 1f 84 00 00 00 00 00 48 8b 0d b1 65 27
0x00007fe66caefc26:   00 48 c1 e1 03 48 39 ca 73 10 48 89 d1 48 89 d1
0x00007fe66caefc36:   f3 a4 c3 0f 1f 80 00 00 00 00 48 8d 0c 16 c5 fe
0x00007fe66caefc46:   6f 26 c5 fa 6f 6c 16 80 c5 fa 6f 71 90 c5 fa 6f 

Register to memory mapping:

RAX=0x00000000ec80b370 is an oop
